<?xml version="1.0" encoding="UTF-8"?>
<!-- Generated by org.testng.reporters.JUnitXMLReporter -->
<testsuite hostname="ASDA0024" name="Default test" tests="7" failures="0" timestamp="23 Jul 2018 10:26:54 GMT" time="0.419" errors="0">
  <testcase name="Registration_data" time="0.005" classname="com.qait.automation.DataProviderTesting.DataProviderWithExcel_001"/>
  <testcase name="Registration_data" time="0.002" classname="com.qait.automation.DataProviderTesting.DataProviderWithExcel_001"/>
  <testcase name="Registration_data" time="0.001" classname="com.qait.automation.DataProviderTesting.DataProviderWithExcel_001"/>
  <testcase name="Registration_data" time="0.001" classname="com.qait.automation.DataProviderTesting.DataProviderWithExcel_001"/>
  <testcase name="Registration_data" time="0.001" classname="com.qait.automation.DataProviderTesting.DataProviderWithExcel_001"/>
  <testcase name="Registration_data" time="0.002" classname="com.qait.automation.DataProviderTesting.DataProviderWithExcel_001"/>
  <testcase name="Registration_data" time="0.002" classname="com.qait.automation.DataProviderTesting.DataProviderWithExcel_001"/>
</testsuite> <!-- Default test -->
